<?xml version="1.0" encoding="UTF-8"?>
<!-- Generated by org.testng.reporters.JUnitXMLReporter -->
<testsuite hostname="DESKTOP-N60QB27" ignored="0" name="Inventory Test" tests="5" failures="0" timestamp="2022-11-09T00:06:11 IST" time="13.695" errors="0">
  <testcase name="loginTest" time="0.275" classname="tests.ProductTest.InventoryTest"/>
  <testcase name="productTest" time="0.186" classname="tests.ProductTest.InventoryTest"/>
  <testcase name="addProductToCartTest" time="0.179" classname="tests.ProductTest.InventoryTest"/>
  <testcase name="checkOutInfo" time="6.372" classname="tests.ProductTest.InventoryTest"/>
  <testcase name="checkOutOverviewTest" time="6.109" classname="tests.ProductTest.InventoryTest"/>
</testsuite> <!-- Inventory Test -->
