<?xml version="1.0" encoding="UTF-8"?>
<!-- Generated by org.testng.reporters.JUnitXMLReporter -->
<testsuite hostname="DESKTOP-N60QB27" ignored="0" name="Login Test" tests="1" failures="1" timestamp="2022-11-08T22:13:39 IST" time="1.337" errors="0">
  <testcase name="login" time="0.749" classname="tests.LoginTest.LoginTest">
    <failure type="java.lang.AssertionError" message="null">
      <![CDATA[java.lang.AssertionError: null
at tests.LoginTest.LoginTest.login(LoginTest.java:27)
at java.util.ArrayList.forEach(ArrayList.java:1257)
... Removed 29 stack frames]]>
    </failure>
  </testcase> <!-- login -->
</testsuite> <!-- Login Test -->
